
*** Running vivado
    with args -log top_level.vds -m64 -product Vivado -mode batch -messageDb vivado.pb -notrace -source top_level.tcl



****** Vivado v2020.2 (64-bit)
  **** SW Build 3064766 on Wed Nov 18 09:12:45 MST 2020
  **** IP Build 3064653 on Wed Nov 18 14:17:31 MST 2020
    ** Copyright 1986-2020 Xilinx, Inc. All Rights Reserved.

source top_level.tcl -notrace
Command: synth_design -top top_level -part xc7a50ticsg324-1L
Starting synth_design
Attempting to get a license for feature 'Synthesis' and/or device 'xc7a50ti'
INFO: [Common 17-349] Got license for feature 'Synthesis' and/or device 'xc7a50ti'
INFO: [Device 21-403] Loading part xc7a50ticsg324-1L
INFO: [Synth 8-7079] Multithreading enabled for synth_design using a maximum of 2 processes.
INFO: [Synth 8-7078] Launching helper process for spawning children vivado processes
INFO: [Synth 8-7075] Helper process launched with PID 2592
---------------------------------------------------------------------------------
Starting RTL Elaboration : Time (s): cpu = 00:00:04 ; elapsed = 00:00:05 . Memory (MB): peak = 1001.625 ; gain = 0.000
---------------------------------------------------------------------------------
INFO: [Synth 8-638] synthesizing module 'top_level' [C:/Users/256513/Ultrasound/Ultrasound.srcs/sources_1/new/top_level.vhd:34]
INFO: [Synth 8-3491] module 'trigger_gen' declared at 'C:/Users/256513/Ultrasound/Ultrasound.srcs/sources_1/new/trigger_gen.vhd:5' bound to instance 'trigger1' of component 'trigger_gen' [C:/Users/256513/Ultrasound/Ultrasound.srcs/sources_1/new/top_level.vhd:131]
INFO: [Synth 8-638] synthesizing module 'trigger_gen' [C:/Users/256513/Ultrasound/Ultrasound.srcs/sources_1/new/trigger_gen.vhd:12]
INFO: [Synth 8-256] done synthesizing module 'trigger_gen' (1#1) [C:/Users/256513/Ultrasound/Ultrasound.srcs/sources_1/new/trigger_gen.vhd:12]
	Parameter n_periods bound to: 10 - type: integer 
INFO: [Synth 8-3491] module 'clk_en' declared at 'C:/Users/256513/Ultrasound/Ultrasound.srcs/sources_1/new/clk_en.vhd:4' bound to instance 'counter1' of component 'clk_en' [C:/Users/256513/Ultrasound/Ultrasound.srcs/sources_1/new/top_level.vhd:137]
INFO: [Synth 8-638] synthesizing module 'clk_en' [C:/Users/256513/Ultrasound/Ultrasound.srcs/sources_1/new/clk_en.vhd:15]
	Parameter n_periods bound to: 10 - type: integer 
INFO: [Synth 8-256] done synthesizing module 'clk_en' (2#1) [C:/Users/256513/Ultrasound/Ultrasound.srcs/sources_1/new/clk_en.vhd:15]
	Parameter MAX_DISTANCE_CM bound to: 100 - type: integer 
INFO: [Synth 8-3491] module 'convertor' declared at 'C:/Users/256513/Ultrasound/Ultrasound.srcs/sources_1/new/convertor.vhd:5' bound to instance 'convert1' of component 'convertor' [C:/Users/256513/Ultrasound/Ultrasound.srcs/sources_1/new/top_level.vhd:147]
INFO: [Synth 8-638] synthesizing module 'convertor' [C:/Users/256513/Ultrasound/Ultrasound.srcs/sources_1/new/convertor.vhd:19]
	Parameter MAX_DISCTANCE_CM bound to: 100 - type: integer 
WARNING: [Synth 8-3819] Generic 'max_distance_cm' not present in instantiated entity will be ignored [C:/Users/256513/Ultrasound/Ultrasound.srcs/sources_1/new/top_level.vhd:147]
INFO: [Synth 8-256] done synthesizing module 'convertor' (3#1) [C:/Users/256513/Ultrasound/Ultrasound.srcs/sources_1/new/convertor.vhd:19]
INFO: [Synth 8-3491] module 'XSEG' declared at 'C:/Users/256513/Ultrasound/Ultrasound.srcs/sources_1/new/XSEG.vhd:5' bound to instance 'XSEG1' of component 'XSEG' [C:/Users/256513/Ultrasound/Ultrasound.srcs/sources_1/new/top_level.vhd:154]
INFO: [Synth 8-638] synthesizing module 'XSEG' [C:/Users/256513/Ultrasound/Ultrasound.srcs/sources_1/new/XSEG.vhd:21]
INFO: [Synth 8-3491] module 'bin2seg' declared at 'C:/Users/256513/Ultrasound/Ultrasound.srcs/sources_1/new/bin2seg.vhd:6' bound to instance 'seg1' of component 'bin2seg' [C:/Users/256513/Ultrasound/Ultrasound.srcs/sources_1/new/XSEG.vhd:53]
INFO: [Synth 8-638] synthesizing module 'bin2seg' [C:/Users/256513/Ultrasound/Ultrasound.srcs/sources_1/new/bin2seg.vhd:16]
WARNING: [Synth 8-6044] Case expression and choice expression width mismatch, Case expression is 8 wide and choice expression is 7 wide [C:/Users/256513/Ultrasound/Ultrasound.srcs/sources_1/new/bin2seg.vhd:40]
WARNING: [Synth 8-6044] Case expression and choice expression width mismatch, Case expression is 8 wide and choice expression is 7 wide [C:/Users/256513/Ultrasound/Ultrasound.srcs/sources_1/new/bin2seg.vhd:41]
WARNING: [Synth 8-6044] Case expression and choice expression width mismatch, Case expression is 8 wide and choice expression is 7 wide [C:/Users/256513/Ultrasound/Ultrasound.srcs/sources_1/new/bin2seg.vhd:42]
WARNING: [Synth 8-6044] Case expression and choice expression width mismatch, Case expression is 8 wide and choice expression is 7 wide [C:/Users/256513/Ultrasound/Ultrasound.srcs/sources_1/new/bin2seg.vhd:43]
WARNING: [Synth 8-6044] Case expression and choice expression width mismatch, Case expression is 8 wide and choice expression is 7 wide [C:/Users/256513/Ultrasound/Ultrasound.srcs/sources_1/new/bin2seg.vhd:44]
WARNING: [Synth 8-6044] Case expression and choice expression width mismatch, Case expression is 8 wide and choice expression is 7 wide [C:/Users/256513/Ultrasound/Ultrasound.srcs/sources_1/new/bin2seg.vhd:45]
WARNING: [Synth 8-6044] Case expression and choice expression width mismatch, Case expression is 8 wide and choice expression is 7 wide [C:/Users/256513/Ultrasound/Ultrasound.srcs/sources_1/new/bin2seg.vhd:46]
WARNING: [Synth 8-6044] Case expression and choice expression width mismatch, Case expression is 8 wide and choice expression is 7 wide [C:/Users/256513/Ultrasound/Ultrasound.srcs/sources_1/new/bin2seg.vhd:47]
WARNING: [Synth 8-6044] Case expression and choice expression width mismatch, Case expression is 8 wide and choice expression is 7 wide [C:/Users/256513/Ultrasound/Ultrasound.srcs/sources_1/new/bin2seg.vhd:48]
WARNING: [Synth 8-6044] Case expression and choice expression width mismatch, Case expression is 8 wide and choice expression is 7 wide [C:/Users/256513/Ultrasound/Ultrasound.srcs/sources_1/new/bin2seg.vhd:49]
INFO: [Synth 8-256] done synthesizing module 'bin2seg' (4#1) [C:/Users/256513/Ultrasound/Ultrasound.srcs/sources_1/new/bin2seg.vhd:16]
INFO: [Synth 8-3491] module 'bin2seg' declared at 'C:/Users/256513/Ultrasound/Ultrasound.srcs/sources_1/new/bin2seg.vhd:6' bound to instance 'seg2' of component 'bin2seg' [C:/Users/256513/Ultrasound/Ultrasound.srcs/sources_1/new/XSEG.vhd:65]
INFO: [Synth 8-3491] module 'bin2seg' declared at 'C:/Users/256513/Ultrasound/Ultrasound.srcs/sources_1/new/bin2seg.vhd:6' bound to instance 'seg3' of component 'bin2seg' [C:/Users/256513/Ultrasound/Ultrasound.srcs/sources_1/new/XSEG.vhd:77]
INFO: [Synth 8-256] done synthesizing module 'XSEG' (5#1) [C:/Users/256513/Ultrasound/Ultrasound.srcs/sources_1/new/XSEG.vhd:21]
INFO: [Synth 8-256] done synthesizing module 'top_level' (6#1) [C:/Users/256513/Ultrasound/Ultrasound.srcs/sources_1/new/top_level.vhd:34]
---------------------------------------------------------------------------------
Finished RTL Elaboration : Time (s): cpu = 00:00:05 ; elapsed = 00:00:07 . Memory (MB): peak = 1001.625 ; gain = 0.000
---------------------------------------------------------------------------------
---------------------------------------------------------------------------------
Start Handling Custom Attributes
---------------------------------------------------------------------------------
---------------------------------------------------------------------------------
Finished Handling Custom Attributes : Time (s): cpu = 00:00:06 ; elapsed = 00:00:07 . Memory (MB): peak = 1001.625 ; gain = 0.000
---------------------------------------------------------------------------------
---------------------------------------------------------------------------------
Finished RTL Optimization Phase 1 : Time (s): cpu = 00:00:06 ; elapsed = 00:00:07 . Memory (MB): peak = 1001.625 ; gain = 0.000
---------------------------------------------------------------------------------
Netlist sorting complete. Time (s): cpu = 00:00:00 ; elapsed = 00:00:00.003 . Memory (MB): peak = 1001.625 ; gain = 0.000
INFO: [Project 1-570] Preparing netlist for logic optimization

Processing XDC Constraints
Initializing timing engine
Parsing XDC File [C:/Users/256513/Ultrasound/Ultrasound.srcs/constrs_1/new/nexys.xdc]
WARNING: [Vivado 12-584] No ports matched 'CLK100MHZ'. [C:/Users/256513/Ultrasound/Ultrasound.srcs/constrs_1/new/nexys.xdc:7]
CRITICAL WARNING: [Common 17-55] 'set_property' expects at least one object. [C:/Users/256513/Ultrasound/Ultrasound.srcs/constrs_1/new/nexys.xdc:7]
Resolution: If [get_<value>] was used to populate the object, check to make sure this command returns at least one valid object.
WARNING: [Vivado 12-584] No ports matched 'CLK100MHZ'. [C:/Users/256513/Ultrasound/Ultrasound.srcs/constrs_1/new/nexys.xdc:8]
CRITICAL WARNING: [Vivado 12-4739] create_clock:No valid object(s) found for '-objects [get_ports CLK100MHZ]'. [C:/Users/256513/Ultrasound/Ultrasound.srcs/constrs_1/new/nexys.xdc:8]
Resolution: Check if the specified object(s) exists in the current design. If it does, ensure that the correct design hierarchy was specified for the object. If you are working with clocks, make sure create_clock was used to create the clock object before it is referenced.
WARNING: [Vivado 12-584] No ports matched 'JC[1]'. [C:/Users/256513/Ultrasound/Ultrasound.srcs/constrs_1/new/nexys.xdc:106]
CRITICAL WARNING: [Common 17-55] 'set_property' expects at least one object. [C:/Users/256513/Ultrasound/Ultrasound.srcs/constrs_1/new/nexys.xdc:106]
Resolution: If [get_<value>] was used to populate the object, check to make sure this command returns at least one valid object.
WARNING: [Vivado 12-584] No ports matched 'JC[2]'. [C:/Users/256513/Ultrasound/Ultrasound.srcs/constrs_1/new/nexys.xdc:107]
CRITICAL WARNING: [Common 17-55] 'set_property' expects at least one object. [C:/Users/256513/Ultrasound/Ultrasound.srcs/constrs_1/new/nexys.xdc:107]
Resolution: If [get_<value>] was used to populate the object, check to make sure this command returns at least one valid object.
WARNING: [Vivado 12-584] No ports matched 'JC[3]'. [C:/Users/256513/Ultrasound/Ultrasound.srcs/constrs_1/new/nexys.xdc:108]
CRITICAL WARNING: [Common 17-55] 'set_property' expects at least one object. [C:/Users/256513/Ultrasound/Ultrasound.srcs/constrs_1/new/nexys.xdc:108]
Resolution: If [get_<value>] was used to populate the object, check to make sure this command returns at least one valid object.
WARNING: [Vivado 12-584] No ports matched 'JC[4]'. [C:/Users/256513/Ultrasound/Ultrasound.srcs/constrs_1/new/nexys.xdc:109]
CRITICAL WARNING: [Common 17-55] 'set_property' expects at least one object. [C:/Users/256513/Ultrasound/Ultrasound.srcs/constrs_1/new/nexys.xdc:109]
Resolution: If [get_<value>] was used to populate the object, check to make sure this command returns at least one valid object.
WARNING: [Vivado 12-584] No ports matched 'JD[1]'. [C:/Users/256513/Ultrasound/Ultrasound.srcs/constrs_1/new/nexys.xdc:116]
CRITICAL WARNING: [Common 17-55] 'set_property' expects at least one object. [C:/Users/256513/Ultrasound/Ultrasound.srcs/constrs_1/new/nexys.xdc:116]
Resolution: If [get_<value>] was used to populate the object, check to make sure this command returns at least one valid object.
WARNING: [Vivado 12-584] No ports matched 'JD[2]'. [C:/Users/256513/Ultrasound/Ultrasound.srcs/constrs_1/new/nexys.xdc:117]
CRITICAL WARNING: [Common 17-55] 'set_property' expects at least one object. [C:/Users/256513/Ultrasound/Ultrasound.srcs/constrs_1/new/nexys.xdc:117]
Resolution: If [get_<value>] was used to populate the object, check to make sure this command returns at least one valid object.
WARNING: [Vivado 12-584] No ports matched 'JD[3]'. [C:/Users/256513/Ultrasound/Ultrasound.srcs/constrs_1/new/nexys.xdc:118]
CRITICAL WARNING: [Common 17-55] 'set_property' expects at least one object. [C:/Users/256513/Ultrasound/Ultrasound.srcs/constrs_1/new/nexys.xdc:118]
Resolution: If [get_<value>] was used to populate the object, check to make sure this command returns at least one valid object.
WARNING: [Vivado 12-584] No ports matched 'JD[4]'. [C:/Users/256513/Ultrasound/Ultrasound.srcs/constrs_1/new/nexys.xdc:119]
CRITICAL WARNING: [Common 17-55] 'set_property' expects at least one object. [C:/Users/256513/Ultrasound/Ultrasound.srcs/constrs_1/new/nexys.xdc:119]
Resolution: If [get_<value>] was used to populate the object, check to make sure this command returns at least one valid object.
Finished Parsing XDC File [C:/Users/256513/Ultrasound/Ultrasound.srcs/constrs_1/new/nexys.xdc]
INFO: [Project 1-236] Implementation specific constraints were found while reading constraint file [C:/Users/256513/Ultrasound/Ultrasound.srcs/constrs_1/new/nexys.xdc]. These constraints will be ignored for synthesis but will be used in implementation. Impacted constraints are listed in the file [.Xil/top_level_propImpl.xdc].
Resolution: To avoid this warning, move constraints listed in [.Xil/top_level_propImpl.xdc] to another XDC file and exclude this new file from synthesis with the used_in_synthesis property (File Properties dialog in GUI) and re-run elaboration/synthesis.
Completed Processing XDC Constraints

Netlist sorting complete. Time (s): cpu = 00:00:00 ; elapsed = 00:00:00 . Memory (MB): peak = 1001.625 ; gain = 0.000
INFO: [Project 1-111] Unisim Transformation Summary:
No Unisim elements were transformed.

Constraint Validation Runtime : Time (s): cpu = 00:00:00 ; elapsed = 00:00:00.004 . Memory (MB): peak = 1001.625 ; gain = 0.000
---------------------------------------------------------------------------------
Finished Constraint Validation : Time (s): cpu = 00:00:12 ; elapsed = 00:00:14 . Memory (MB): peak = 1001.625 ; gain = 0.000
---------------------------------------------------------------------------------
---------------------------------------------------------------------------------
Start Loading Part and Timing Information
---------------------------------------------------------------------------------
Loading part: xc7a50ticsg324-1L
---------------------------------------------------------------------------------
Finished Loading Part and Timing Information : Time (s): cpu = 00:00:12 ; elapsed = 00:00:14 . Memory (MB): peak = 1001.625 ; gain = 0.000
---------------------------------------------------------------------------------
---------------------------------------------------------------------------------
Start Applying 'set_property' XDC Constraints
---------------------------------------------------------------------------------
---------------------------------------------------------------------------------
Finished applying 'set_property' XDC Constraints : Time (s): cpu = 00:00:12 ; elapsed = 00:00:14 . Memory (MB): peak = 1001.625 ; gain = 0.000
---------------------------------------------------------------------------------
INFO: [Synth 8-802] inferred FSM for state register 'sig_seg_number_switcher_reg' in module 'XSEG'
---------------------------------------------------------------------------------------------------
                   State |                     New Encoding |                Previous Encoding 
---------------------------------------------------------------------------------------------------
                     one |                              001 |                               00
                     two |                              010 |                               01
                   three |                              100 |                               10
---------------------------------------------------------------------------------------------------
INFO: [Synth 8-3354] encoded FSM with state register 'sig_seg_number_switcher_reg' using encoding 'one-hot' in module 'XSEG'
---------------------------------------------------------------------------------
Finished RTL Optimization Phase 2 : Time (s): cpu = 00:00:12 ; elapsed = 00:00:14 . Memory (MB): peak = 1001.625 ; gain = 0.000
---------------------------------------------------------------------------------
---------------------------------------------------------------------------------
Start RTL Component Statistics 
---------------------------------------------------------------------------------
Detailed RTL Component Info : 
+---Adders : 
	   2 Input   20 Bit       Adders := 1     
	   2 Input    4 Bit       Adders := 1     
+---Registers : 
	               21 Bit    Registers := 2     
	                8 Bit    Registers := 5     
	                4 Bit    Registers := 4     
	                1 Bit    Registers := 2     
+---Muxes : 
	   3 Input    8 Bit        Muxes := 4     
	  12 Input    7 Bit        Muxes := 3     
	   2 Input    1 Bit        Muxes := 2     
	   3 Input    1 Bit        Muxes := 4     
---------------------------------------------------------------------------------
Finished RTL Component Statistics 
---------------------------------------------------------------------------------
---------------------------------------------------------------------------------
Start Part Resource Summary
---------------------------------------------------------------------------------
Part Resources:
DSPs: 120 (col length:60)
BRAMs: 150 (col length: RAMB18 60 RAMB36 30)
---------------------------------------------------------------------------------
Finished Part Resource Summary
---------------------------------------------------------------------------------
---------------------------------------------------------------------------------
Start Cross Boundary and Area Optimization
---------------------------------------------------------------------------------
---------------------------------------------------------------------------------
Finished Cross Boundary and Area Optimization : Time (s): cpu = 00:00:14 ; elapsed = 00:00:16 . Memory (MB): peak = 1001.625 ; gain = 0.000
---------------------------------------------------------------------------------
---------------------------------------------------------------------------------
Start Applying XDC Timing Constraints
---------------------------------------------------------------------------------
---------------------------------------------------------------------------------
Finished Applying XDC Timing Constraints : Time (s): cpu = 00:00:20 ; elapsed = 00:00:22 . Memory (MB): peak = 1001.625 ; gain = 0.000
---------------------------------------------------------------------------------
---------------------------------------------------------------------------------
Start Timing Optimization
---------------------------------------------------------------------------------
---------------------------------------------------------------------------------
Finished Timing Optimization : Time (s): cpu = 00:00:20 ; elapsed = 00:00:23 . Memory (MB): peak = 1001.625 ; gain = 0.000
---------------------------------------------------------------------------------
---------------------------------------------------------------------------------
Start Technology Mapping
---------------------------------------------------------------------------------
---------------------------------------------------------------------------------
Finished Technology Mapping : Time (s): cpu = 00:00:20 ; elapsed = 00:00:23 . Memory (MB): peak = 1001.625 ; gain = 0.000
---------------------------------------------------------------------------------
---------------------------------------------------------------------------------
Start IO Insertion
---------------------------------------------------------------------------------
---------------------------------------------------------------------------------
Start Flattening Before IO Insertion
---------------------------------------------------------------------------------
---------------------------------------------------------------------------------
Finished Flattening Before IO Insertion
---------------------------------------------------------------------------------
---------------------------------------------------------------------------------
Start Final Netlist Cleanup
---------------------------------------------------------------------------------
---------------------------------------------------------------------------------
Finished Final Netlist Cleanup
---------------------------------------------------------------------------------
---------------------------------------------------------------------------------
Finished IO Insertion : Time (s): cpu = 00:00:24 ; elapsed = 00:00:27 . Memory (MB): peak = 1001.625 ; gain = 0.000
---------------------------------------------------------------------------------
---------------------------------------------------------------------------------
Start Renaming Generated Instances
---------------------------------------------------------------------------------
---------------------------------------------------------------------------------
Finished Renaming Generated Instances : Time (s): cpu = 00:00:24 ; elapsed = 00:00:27 . Memory (MB): peak = 1001.625 ; gain = 0.000
---------------------------------------------------------------------------------
CRITICAL WARNING: [Synth 8-6859] multi-driven net on pin CE_OBUF with 1st driver pin 'XSEG1/seg3//i_/O' [C:/Users/256513/Ultrasound/Ultrasound.srcs/sources_1/new/bin2seg.vhd:34]
CRITICAL WARNING: [Synth 8-6859] multi-driven net on pin CE_OBUF with 2nd driver pin 'XSEG1/seg2//i_/O' [C:/Users/256513/Ultrasound/Ultrasound.srcs/sources_1/new/bin2seg.vhd:34]
CRITICAL WARNING: [Synth 8-6859] multi-driven net on pin CE_OBUF with 3rd driver pin 'XSEG1/seg1//i_/O' [C:/Users/256513/Ultrasound/Ultrasound.srcs/sources_1/new/bin2seg.vhd:34]
CRITICAL WARNING: [Synth 8-6859] multi-driven net on pin CG_OBUF with 1st driver pin 'CF_OBUF_inst_i_1/O' [C:/Users/256513/Ultrasound/Ultrasound.srcs/sources_1/new/top_level.vhd:5]
CRITICAL WARNING: [Synth 8-6859] multi-driven net on pin CG_OBUF with 2nd driver pin 'CF_OBUF_inst_i_2/O' [C:/Users/256513/Ultrasound/Ultrasound.srcs/sources_1/new/top_level.vhd:5]
CRITICAL WARNING: [Synth 8-6859] multi-driven net on pin CG_OBUF with 3rd driver pin 'CF_OBUF_inst_i_3/O' [C:/Users/256513/Ultrasound/Ultrasound.srcs/sources_1/new/top_level.vhd:5]
CRITICAL WARNING: [Synth 8-6859] multi-driven net on pin CD_OBUF with 1st driver pin 'CB_OBUF_inst_i_1/O' [C:/Users/256513/Ultrasound/Ultrasound.srcs/sources_1/new/top_level.vhd:5]
CRITICAL WARNING: [Synth 8-6859] multi-driven net on pin CD_OBUF with 2nd driver pin 'CB_OBUF_inst_i_2/O' [C:/Users/256513/Ultrasound/Ultrasound.srcs/sources_1/new/top_level.vhd:5]
CRITICAL WARNING: [Synth 8-6859] multi-driven net on pin CD_OBUF with 3rd driver pin 'CB_OBUF_inst_i_3/O' [C:/Users/256513/Ultrasound/Ultrasound.srcs/sources_1/new/top_level.vhd:5]
CRITICAL WARNING: [Synth 8-6859] multi-driven net on pin CC_OBUF with 1st driver pin 'CC_OBUF_inst_i_1/O' [C:/Users/256513/Ultrasound/Ultrasound.srcs/sources_1/new/bin2seg.vhd:34]
CRITICAL WARNING: [Synth 8-6859] multi-driven net on pin CC_OBUF with 2nd driver pin 'CC_OBUF_inst_i_2/O' [C:/Users/256513/Ultrasound/Ultrasound.srcs/sources_1/new/bin2seg.vhd:34]
CRITICAL WARNING: [Synth 8-6859] multi-driven net on pin CC_OBUF with 3rd driver pin 'CC_OBUF_inst_i_3/O' [C:/Users/256513/Ultrasound/Ultrasound.srcs/sources_1/new/bin2seg.vhd:34]

Report Check Netlist: 
+------+------------------+-------+---------+-------+------------------+
|      |Item              |Errors |Warnings |Status |Description       |
+------+------------------+-------+---------+-------+------------------+
|1     |multi_driven_nets |      0|        4|Failed |Multi driven nets |
+------+------------------+-------+---------+-------+------------------+
---------------------------------------------------------------------------------
Start Rebuilding User Hierarchy
---------------------------------------------------------------------------------
---------------------------------------------------------------------------------
Finished Rebuilding User Hierarchy : Time (s): cpu = 00:00:24 ; elapsed = 00:00:27 . Memory (MB): peak = 1001.625 ; gain = 0.000
---------------------------------------------------------------------------------
---------------------------------------------------------------------------------
Start Renaming Generated Ports
---------------------------------------------------------------------------------
---------------------------------------------------------------------------------
Finished Renaming Generated Ports : Time (s): cpu = 00:00:24 ; elapsed = 00:00:27 . Memory (MB): peak = 1001.625 ; gain = 0.000
---------------------------------------------------------------------------------
---------------------------------------------------------------------------------
Start Handling Custom Attributes
---------------------------------------------------------------------------------
---------------------------------------------------------------------------------
Finished Handling Custom Attributes : Time (s): cpu = 00:00:24 ; elapsed = 00:00:27 . Memory (MB): peak = 1001.625 ; gain = 0.000
---------------------------------------------------------------------------------
---------------------------------------------------------------------------------
Start Renaming Generated Nets
---------------------------------------------------------------------------------
---------------------------------------------------------------------------------
Finished Renaming Generated Nets : Time (s): cpu = 00:00:24 ; elapsed = 00:00:27 . Memory (MB): peak = 1001.625 ; gain = 0.000
---------------------------------------------------------------------------------
---------------------------------------------------------------------------------
Start Writing Synthesis Report
---------------------------------------------------------------------------------

Report BlackBoxes: 
+-+--------------+----------+
| |BlackBox name |Instances |
+-+--------------+----------+
+-+--------------+----------+

Report Cell Usage: 
+------+-------+------+
|      |Cell   |Count |
+------+-------+------+
|1     |BUFG   |     1|
|2     |CARRY4 |    16|
|3     |LUT1   |     6|
|4     |LUT2   |    50|
|5     |LUT3   |     1|
|6     |LUT5   |     3|
|7     |FDRE   |    43|
|8     |IBUF   |     2|
|9     |OBUF   |    16|
|10    |OBUFT  |    11|
+------+-------+------+
---------------------------------------------------------------------------------
Finished Writing Synthesis Report : Time (s): cpu = 00:00:24 ; elapsed = 00:00:27 . Memory (MB): peak = 1001.625 ; gain = 0.000
---------------------------------------------------------------------------------
Synthesis finished with 0 errors, 12 critical warnings and 0 warnings.
Synthesis Optimization Runtime : Time (s): cpu = 00:00:16 ; elapsed = 00:00:25 . Memory (MB): peak = 1001.625 ; gain = 0.000
Synthesis Optimization Complete : Time (s): cpu = 00:00:24 ; elapsed = 00:00:27 . Memory (MB): peak = 1001.625 ; gain = 0.000
INFO: [Project 1-571] Translating synthesized netlist
Netlist sorting complete. Time (s): cpu = 00:00:00 ; elapsed = 00:00:00.002 . Memory (MB): peak = 1001.625 ; gain = 0.000
INFO: [Netlist 29-17] Analyzing 16 Unisim elements for replacement
INFO: [Netlist 29-28] Unisim Transformation completed in 0 CPU seconds
INFO: [Project 1-570] Preparing netlist for logic optimization
INFO: [Opt 31-138] Pushed 0 inverter(s) to 0 load pin(s).
Netlist sorting complete. Time (s): cpu = 00:00:00 ; elapsed = 00:00:00 . Memory (MB): peak = 1015.320 ; gain = 0.000
INFO: [Project 1-111] Unisim Transformation Summary:
No Unisim elements were transformed.

INFO: [Common 17-83] Releasing license: Synthesis
36 Infos, 21 Warnings, 22 Critical Warnings and 0 Errors encountered.
synth_design completed successfully
synth_design: Time (s): cpu = 00:00:30 ; elapsed = 00:00:35 . Memory (MB): peak = 1015.320 ; gain = 13.695
INFO: [runtcl-6] Synthesis results are not added to the cache due to CRITICAL_WARNING
INFO: [Common 17-1381] The checkpoint 'C:/Users/256513/Ultrasound/Ultrasound.runs/synth_1/top_level.dcp' has been generated.
INFO: [runtcl-4] Executing : report_utilization -file top_level_utilization_synth.rpt -pb top_level_utilization_synth.pb
INFO: [Common 17-206] Exiting Vivado at Wed Apr 16 13:52:01 2025...
